<?xml version="1.0" encoding="UTF-8"?>
<testng-results ignored="0" total="1" passed="1" failed="0" skipped="0">
  <reporter-output>
  </reporter-output>
  <suite started-at="2024-01-31T05:45:35Z" name="Default suite" finished-at="2024-01-31T05:46:03Z" duration-ms="28572">
    <groups>
    </groups>
    <test started-at="2024-01-31T05:45:35Z" name="Default test" finished-at="2024-01-31T05:46:03Z" duration-ms="28572">
      <class name="com.ShopperStackAutomationFramework.TestScript.ValidLoginIntoShopperstack">
        <test-method is-config="true" signature="setup()[pri:0, instance:com.ShopperStackAutomationFramework.TestScript.ValidLoginIntoShopperstack@49c66ade]" started-at="2024-01-31T05:45:35Z" name="setup" finished-at="2024-01-31T05:45:40Z" duration-ms="5170" status="PASS">
          <reporter-output>
          </reporter-output>
        </test-method> <!-- setup -->
        <test-method signature="login()[pri:0, instance:com.ShopperStackAutomationFramework.TestScript.ValidLoginIntoShopperstack@49c66ade]" started-at="2024-01-31T05:45:40Z" name="login" finished-at="2024-01-31T05:45:58Z" duration-ms="18077" status="PASS">
          <reporter-output>
          </reporter-output>
        </test-method> <!-- login -->
        <test-method is-config="true" signature="tearDown()[pri:0, instance:com.ShopperStackAutomationFramework.TestScript.ValidLoginIntoShopperstack@49c66ade]" started-at="2024-01-31T05:45:58Z" name="tearDown" finished-at="2024-01-31T05:46:03Z" duration-ms="5298" status="PASS">
          <reporter-output>
          </reporter-output>
        </test-method> <!-- tearDown -->
      </class> <!-- com.ShopperStackAutomationFramework.TestScript.ValidLoginIntoShopperstack -->
    </test> <!-- Default test -->
  </suite> <!-- Default suite -->
</testng-results>
