<?xml version="1.0" encoding="UTF-8"?>
<!-- Generated by org.testng.reporters.JUnitXMLReporter -->
<testsuite ignored="1" hostname="QSPWakad" failures="0" tests="1" name="Default test(failed)" time="20.984" errors="0" timestamp="08 Feb 2024 05:29:27 GMT">
  <testcase classname="com.ShopperStackAutomationFramework.TestScript.ValidLoginIntoShopperstack" name="invalidLogin" time="9.587"/>
  <testcase classname="com.ShopperStackAutomationFramework.TestScript.ValidLoginIntoShopperstack" name="login" time="0.0">
    <ignored/>
  </testcase> <!-- login -->
</testsuite> <!-- Default test(failed) -->
