<?xml version="1.0" encoding="UTF-8"?>
<!-- Generated by org.testng.reporters.JUnitXMLReporter -->
<testsuite ignored="1" hostname="QSPWakad" failures="0" tests="1" name="Default test" time="38.322" errors="0" timestamp="10 Feb 2024 05:29:55 GMT">
  <testcase classname="com.ShopperStackAutomationFramework.TestScript.ValidLoginIntoShopperstack" name="login" time="27.294"/>
  <testcase classname="com.ShopperStackAutomationFramework.TestScript.ValidLoginIntoShopperstack" name="invalidLogin" time="0.0">
    <ignored/>
  </testcase> <!-- invalidLogin -->
</testsuite> <!-- Default test -->
