<?xml version="1.0" encoding="UTF-8"?>
<!-- Generated by org.testng.reporters.JUnitXMLReporter -->
<testsuite ignored="0" hostname="QSPWakad" failures="1" tests="1" name="Test(failed)" time="10.741" errors="0" timestamp="12 Feb 2024 05:22:57 GMT">
  <testcase classname="com.ShopperStackAutomationFramework.TestScript.AddToCart" name="addToCart" time="0.052">
    <failure type="java.lang.NullPointerException" message="Cannot invoke &amp;quot;org.openqa.selenium.SearchContext.findElement(org.openqa.selenium.By)&amp;quot; because &amp;quot;this.searchContext&amp;quot; is null">
      <![CDATA[java.lang.NullPointerException: Cannot invoke "org.openqa.selenium.SearchContext.findElement(org.openqa.selenium.By)" because "this.searchContext" is null
at org.openqa.selenium.support.pagefactory.DefaultElementLocator.findElement(DefaultElementLocator.java:68)
at org.openqa.selenium.support.pagefactory.internal.LocatingElementHandler.invoke(LocatingElementHandler.java:38)
at jdk.proxy2/jdk.proxy2.$Proxy15.click(Unknown Source)
at PomClass.WelcomePage.clickOnLoginButton(WelcomePage.java:47)
at com.ShopperStackAutomationFramework.TestScript.ValidLoginIntoShopperstack.login(ValidLoginIntoShopperstack.java:25)
at com.ShopperStackAutomationFramework.TestScript.AddToCart.addToCart(AddToCart.java:17)
... Removed 25 stack frames]]>
    </failure>
  </testcase> <!-- addToCart -->
</testsuite> <!-- Test(failed) -->
