<?xml version="1.0" encoding="UTF-8"?>
<!-- Generated by org.testng.reporters.JUnitXMLReporter -->
<testsuite ignored="0" hostname="QSPWakad" failures="0" tests="3" name="Test" time="64.459" errors="0" timestamp="08 Feb 2024 05:24:36 GMT">
  <testcase classname="com.ShopperStackAutomationFramework.TestScript.ValidLoginIntoShopperstack" name="login" time="6.869"/>
  <testcase classname="com.ShopperStackAutomationFramework.TestScript.AddToCart" name="addToCart" time="11.423"/>
  <testcase classname="com.ShopperStackAutomationFramework.TestScript.InValidLoginIntoShopperstack" name="invalidLogin" time="7.97"/>
</testsuite> <!-- Test -->
